# JRE version: Java(TM) SE Runtime Environment (8.0_151-b12) (build 1.8.0_151-b12)
# Java VM: Java HotSpot(TM) 64-Bit Server VM (25.151-b12 mixed mode windows-amd64 compressed oops)
Heap:
 PSYoungGen      total 83968K, used 30768K [0x000000076b100000, 0x0000000771e80000, 0x00000007c0000000)
  eden space 59392K, 50% used [0x000000076b100000,0x000000076ce7c3b8,0x000000076eb00000)
  from space 24576K, 2% used [0x0000000770480000,0x0000000770510000,0x0000000771c80000)
  to   space 26112K, 0% used [0x000000076eb00000,0x000000076eb00000,0x0000000770480000)
 ParOldGen       total 212992K, used 43446K [0x00000006c1200000, 0x00000006ce200000, 0x000000076b100000)
  object space 212992K, 20% used [0x00000006c1200000,0x00000006c3c6d9e8,0x00000006ce200000)
 Metaspace       used 28781K, capacity 29080K, committed 30720K, reserved 1075200K
  class space    used 3724K, capacity 3804K, committed 4096K, reserved 1048576K
GC Heap History (10 events):
Event: 39593.980 GC heap before
{Heap before GC invocations=6 (full 1):
 PSYoungGen      total 76288K, used 73404K [0x000000076b100000, 0x0000000770600000, 0x00000007c0000000)
  eden space 65536K, 95% used [0x000000076b100000,0x000000076ee327c8,0x000000076f100000)
  from space 10752K, 99% used [0x000000076fb80000,0x00000007705fc9c8,0x0000000770600000)
  to   space 10752K, 0% used [0x000000076f100000,0x000000076f100000,0x000000076fb80000)
 ParOldGen       total 157184K, used 23397K [0x00000006c1200000, 0x00000006cab80000, 0x000000076b100000)
  object space 157184K, 14% used [0x00000006c1200000,0x00000006c28d96a8,0x00000006cab80000)
 Metaspace       used 29073K, capacity 29796K, committed 30208K, reserved 1075200K
  class space    used 3814K, capacity 3986K, committed 4096K, reserved 1048576K
Event: 39594.024 GC heap after
Heap after GC invocations=6 (full 1):
 PSYoungGen      total 75264K, used 10723K [0x000000076b100000, 0x0000000771d00000, 0x00000007c0000000)
  eden space 64512K, 0% used [0x000000076b100000,0x000000076b100000,0x000000076f000000)
  from space 10752K, 99% used [0x000000076f100000,0x000000076fb78c58,0x000000076fb80000)
  to   space 23040K, 0% used [0x0000000770680000,0x0000000770680000,0x0000000771d00000)
 ParOldGen       total 157184K, used 33440K [0x00000006c1200000, 0x00000006cab80000, 0x000000076b100000)
  object space 157184K, 21% used [0x00000006c1200000,0x00000006c32a8158,0x00000006cab80000)
 Metaspace       used 29073K, capacity 29796K, committed 30208K, reserved 1075200K
  class space    used 3814K, capacity 3986K, committed 4096K, reserved 1048576K
}
Event: 62394.753 GC heap before
{Heap before GC invocations=7 (full 1):
 PSYoungGen      total 75264K, used 58759K [0x000000076b100000, 0x0000000771d00000, 0x00000007c0000000)
  eden space 64512K, 74% used [0x000000076b100000,0x000000076dfe9028,0x000000076f000000)
  from space 10752K, 99% used [0x000000076f100000,0x000000076fb78c58,0x000000076fb80000)
  to   space 23040K, 0% used [0x0000000770680000,0x0000000770680000,0x0000000771d00000)
 ParOldGen       total 157184K, used 33440K [0x00000006c1200000, 0x00000006cab80000, 0x000000076b100000)
  object space 157184K, 21% used [0x00000006c1200000,0x00000006c32a8158,0x00000006cab80000)
 Metaspace       used 29230K, capacity 29988K, committed 30208K, reserved 1075200K
  class space    used 3817K, capacity 3986K, committed 4096K, reserved 1048576K
Event: 62394.813 GC heap after
Heap after GC invocations=7 (full 1):
 PSYoungGen      total 84992K, used 20279K [0x000000076b100000, 0x0000000772100000, 0x00000007c0000000)
  eden space 61952K, 0% used [0x000000076b100000,0x000000076b100000,0x000000076ed80000)
  from space 23040K, 88% used [0x0000000770680000,0x0000000771a4dcd8,0x0000000771d00000)
  to   space 25600K, 0% used [0x000000076ed80000,0x000000076ed80000,0x0000000770680000)
 ParOldGen       total 157184K, used 61974K [0x00000006c1200000, 0x00000006cab80000, 0x000000076b100000)
  object space 157184K, 39% used [0x00000006c1200000,0x00000006c4e85a10,0x00000006cab80000)
 Metaspace       used 29230K, capacity 29988K, committed 30208K, reserved 1075200K
  class space    used 3817K, capacity 3986K, committed 4096K, reserved 1048576K
}
Event: 62771.588 GC heap before
{Heap before GC invocations=8 (full 1):
 PSYoungGen      total 84992K, used 82231K [0x000000076b100000, 0x0000000772100000, 0x00000007c0000000)
  eden space 61952K, 100% used [0x000000076b100000,0x000000076ed80000,0x000000076ed80000)
  from space 23040K, 88% used [0x0000000770680000,0x0000000771a4dcd8,0x0000000771d00000)
  to   space 25600K, 0% used [0x000000076ed80000,0x000000076ed80000,0x0000000770680000)
 ParOldGen       total 157184K, used 61974K [0x00000006c1200000, 0x00000006cab80000, 0x000000076b100000)
  object space 157184K, 39% used [0x00000006c1200000,0x00000006c4e85a10,0x00000006cab80000)
 Metaspace       used 29410K, capacity 30148K, committed 30464K, reserved 1075200K
  class space    used 3842K, capacity 4018K, committed 4096K, reserved 1048576K
Event: 62771.612 GC heap after
Heap after GC invocations=8 (full 1):
 PSYoungGen      total 72192K, used 11085K [0x000000076b100000, 0x0000000771c80000, 0x00000007c0000000)
  eden space 60928K, 0% used [0x000000076b100000,0x000000076b100000,0x000000076ec80000)
  from space 11264K, 98% used [0x000000076ed80000,0x000000076f853650,0x000000076f880000)
  to   space 24576K, 0% used [0x0000000770480000,0x0000000770480000,0x0000000771c80000)
 ParOldGen       total 157184K, used 132295K [0x00000006c1200000, 0x00000006cab80000, 0x000000076b100000)
  object space 157184K, 84% used [0x00000006c1200000,0x00000006c9331c40,0x00000006cab80000)
 Metaspace       used 29410K, capacity 30148K, committed 30464K, reserved 1075200K
  class space    used 3842K, capacity 4018K, committed 4096K, reserved 1048576K
}
Event: 62771.612 GC heap before
{Heap before GC invocations=9 (full 2):
 PSYoungGen      total 72192K, used 11085K [0x000000076b100000, 0x0000000771c80000, 0x00000007c0000000)
  eden space 60928K, 0% used [0x000000076b100000,0x000000076b100000,0x000000076ec80000)
  from space 11264K, 98% used [0x000000076ed80000,0x000000076f853650,0x000000076f880000)
  to   space 24576K, 0% used [0x0000000770480000,0x0000000770480000,0x0000000771c80000)
 ParOldGen       total 157184K, used 132295K [0x00000006c1200000, 0x00000006cab80000, 0x000000076b100000)
  object space 157184K, 84% used [0x00000006c1200000,0x00000006c9331c40,0x00000006cab80000)
 Metaspace       used 29410K, capacity 30148K, committed 30464K, reserved 1075200K
  class space    used 3842K, capacity 4018K, committed 4096K, reserved 1048576K
Event: 62771.719 GC heap after
Heap after GC invocations=9 (full 2):
 PSYoungGen      total 72192K, used 0K [0x000000076b100000, 0x0000000771c80000, 0x00000007c0000000)
  eden space 60928K, 0% used [0x000000076b100000,0x000000076b100000,0x000000076ec80000)
  from space 11264K, 0% used [0x000000076ed80000,0x000000076ed80000,0x000000076f880000)
  to   space 24576K, 0% used [0x0000000770480000,0x0000000770480000,0x0000000771c80000)
 ParOldGen       total 212992K, used 43438K [0x00000006c1200000, 0x00000006ce200000, 0x000000076b100000)
  object space 212992K, 20% used [0x00000006c1200000,0x00000006c3c6b9e8,0x00000006ce200000)
 Metaspace       used 28606K, capacity 28888K, committed 30464K, reserved 1075200K
  class space    used 3723K, capacity 3804K, committed 4096K, reserved 1048576K
}
Event: 62871.303 GC heap before
{Heap before GC invocations=10 (full 2):
 PSYoungGen      total 72192K, used 60928K [0x000000076b100000, 0x0000000771c80000, 0x00000007c0000000)
  eden space 60928K, 100% used [0x000000076b100000,0x000000076ec80000,0x000000076ec80000)
  from space 11264K, 0% used [0x000000076ed80000,0x000000076ed80000,0x000000076f880000)
  to   space 24576K, 0% used [0x0000000770480000,0x0000000770480000,0x0000000771c80000)
 ParOldGen       total 212992K, used 43438K [0x00000006c1200000, 0x00000006ce200000, 0x000000076b100000)
  object space 212992K, 20% used [0x00000006c1200000,0x00000006c3c6b9e8,0x00000006ce200000)
 Metaspace       used 28752K, capacity 29080K, committed 30720K, reserved 1075200K
  class space    used 3724K, capacity 3804K, committed 4096K, reserved 1048576K
Event: 62871.305 GC heap after
Heap after GC invocations=10 (full 2):
 PSYoungGen      total 83968K, used 576K [0x000000076b100000, 0x0000000771e80000, 0x00000007c0000000)
  eden space 59392K, 0% used [0x000000076b100000,0x000000076b100000,0x000000076eb00000)
  from space 24576K, 2% used [0x0000000770480000,0x0000000770510000,0x0000000771c80000)
  to   space 26112K, 0% used [0x000000076eb00000,0x000000076eb00000,0x0000000770480000)
 ParOldGen       total 212992K, used 43446K [0x00000006c1200000, 0x00000006ce200000, 0x000000076b100000)
  object space 212992K, 20% used [0x00000006c1200000,0x00000006c3c6d9e8,0x00000006ce200000)
 Metaspace       used 28752K, capacity 29080K, committed 30720K, reserved 1075200K
  class space    used 3724K, capacity 3804K, committed 4096K, reserved 1048576K
}

