# JRE version: Java(TM) SE Runtime Environment (8.0_151-b12) (build 1.8.0_151-b12)
# Java VM: Java HotSpot(TM) 64-Bit Server VM (25.151-b12 mixed mode windows-amd64 compressed oops)
Heap:
 PSYoungGen      total 84992K, used 40216K [0x000000076b100000, 0x0000000773000000, 0x00000007c0000000)
  eden space 82432K, 45% used [0x000000076b100000,0x000000076d5d93e0,0x0000000770180000)
  from space 2560K, 97% used [0x0000000772d80000,0x0000000772fecd90,0x0000000773000000)
  to   space 14848K, 0% used [0x0000000771300000,0x0000000771300000,0x0000000772180000)
 ParOldGen       total 130048K, used 43576K [0x00000006c1200000, 0x00000006c9100000, 0x000000076b100000)
  object space 130048K, 33% used [0x00000006c1200000,0x00000006c3c8e190,0x00000006c9100000)
 Metaspace       used 29754K, capacity 30566K, committed 30848K, reserved 1077248K
  class space    used 3732K, capacity 3934K, committed 3968K, reserved 1048576K
GC Heap History (10 events):
Event: 20.248 GC heap before
{Heap before GC invocations=3 (full 1):
 PSYoungGen      total 76288K, used 65536K [0x000000076b100000, 0x0000000774600000, 0x00000007c0000000)
  eden space 65536K, 100% used [0x000000076b100000,0x000000076f100000,0x000000076f100000)
  from space 10752K, 0% used [0x000000076f100000,0x000000076f100000,0x000000076fb80000)
  to   space 10752K, 0% used [0x0000000773b80000,0x0000000773b80000,0x0000000774600000)
 ParOldGen       total 130048K, used 14091K [0x00000006c1200000, 0x00000006c9100000, 0x000000076b100000)
  object space 130048K, 10% used [0x00000006c1200000,0x00000006c1fc2f90,0x00000006c9100000)
 Metaspace       used 24363K, capacity 25092K, committed 25344K, reserved 1071104K
  class space    used 3359K, capacity 3542K, committed 3584K, reserved 1048576K
Event: 20.254 GC heap after
Heap after GC invocations=3 (full 1):
 PSYoungGen      total 96256K, used 10647K [0x000000076b100000, 0x0000000774600000, 0x00000007c0000000)
  eden space 85504K, 0% used [0x000000076b100000,0x000000076b100000,0x0000000770480000)
  from space 10752K, 99% used [0x0000000773b80000,0x00000007745e5c98,0x0000000774600000)
  to   space 10752K, 0% used [0x0000000773100000,0x0000000773100000,0x0000000773b80000)
 ParOldGen       total 130048K, used 16977K [0x00000006c1200000, 0x00000006c9100000, 0x000000076b100000)
  object space 130048K, 13% used [0x00000006c1200000,0x00000006c2294790,0x00000006c9100000)
 Metaspace       used 24363K, capacity 25092K, committed 25344K, reserved 1071104K
  class space    used 3359K, capacity 3542K, committed 3584K, reserved 1048576K
}
Event: 1785.049 GC heap before
{Heap before GC invocations=4 (full 1):
 PSYoungGen      total 96256K, used 96151K [0x000000076b100000, 0x0000000774600000, 0x00000007c0000000)
  eden space 85504K, 100% used [0x000000076b100000,0x0000000770480000,0x0000000770480000)
  from space 10752K, 99% used [0x0000000773b80000,0x00000007745e5c98,0x0000000774600000)
  to   space 10752K, 0% used [0x0000000773100000,0x0000000773100000,0x0000000773b80000)
 ParOldGen       total 130048K, used 16977K [0x00000006c1200000, 0x00000006c9100000, 0x000000076b100000)
  object space 130048K, 13% used [0x00000006c1200000,0x00000006c2294790,0x00000006c9100000)
 Metaspace       used 26731K, capacity 27478K, committed 27648K, reserved 1073152K
  class space    used 3642K, capacity 3802K, committed 3840K, reserved 1048576K
Event: 1785.077 GC heap after
Heap after GC invocations=4 (full 1):
 PSYoungGen      total 95744K, used 10075K [0x000000076b100000, 0x0000000773c00000, 0x00000007c0000000)
  eden space 85504K, 0% used [0x000000076b100000,0x000000076b100000,0x0000000770480000)
  from space 10240K, 98% used [0x0000000773100000,0x0000000773ad6fa0,0x0000000773b00000)
  to   space 1024K, 0% used [0x0000000773b00000,0x0000000773b00000,0x0000000773c00000)
 ParOldGen       total 130048K, used 33802K [0x00000006c1200000, 0x00000006c9100000, 0x000000076b100000)
  object space 130048K, 25% used [0x00000006c1200000,0x00000006c3302940,0x00000006c9100000)
 Metaspace       used 26731K, capacity 27478K, committed 27648K, reserved 1073152K
  class space    used 3642K, capacity 3802K, committed 3840K, reserved 1048576K
}
Event: 3544.145 GC heap before
{Heap before GC invocations=5 (full 1):
 PSYoungGen      total 95744K, used 95579K [0x000000076b100000, 0x0000000773c00000, 0x00000007c0000000)
  eden space 85504K, 100% used [0x000000076b100000,0x0000000770480000,0x0000000770480000)
  from space 10240K, 98% used [0x0000000773100000,0x0000000773ad6fa0,0x0000000773b00000)
  to   space 1024K, 0% used [0x0000000773b00000,0x0000000773b00000,0x0000000773c00000)
 ParOldGen       total 130048K, used 33802K [0x00000006c1200000, 0x00000006c9100000, 0x000000076b100000)
  object space 130048K, 25% used [0x00000006c1200000,0x00000006c3302940,0x00000006c9100000)
 Metaspace       used 28502K, capacity 29308K, committed 29568K, reserved 1075200K
  class space    used 3712K, capacity 3899K, committed 3968K, reserved 1048576K
Event: 3544.161 GC heap after
Heap after GC invocations=5 (full 1):
 PSYoungGen      total 86528K, used 1024K [0x000000076b100000, 0x0000000773c00000, 0x00000007c0000000)
  eden space 85504K, 0% used [0x000000076b100000,0x000000076b100000,0x0000000770480000)
  from space 1024K, 100% used [0x0000000773b00000,0x0000000773c00000,0x0000000773c00000)
  to   space 10752K, 0% used [0x0000000772700000,0x0000000772700000,0x0000000773180000)
 ParOldGen       total 130048K, used 43560K [0x00000006c1200000, 0x00000006c9100000, 0x000000076b100000)
  object space 130048K, 33% used [0x00000006c1200000,0x00000006c3c8a190,0x00000006c9100000)
 Metaspace       used 28502K, capacity 29308K, committed 29568K, reserved 1075200K
  class space    used 3712K, capacity 3899K, committed 3968K, reserved 1048576K
}
Event: 4741.021 GC heap before
{Heap before GC invocations=6 (full 1):
 PSYoungGen      total 86528K, used 86528K [0x000000076b100000, 0x0000000773c00000, 0x00000007c0000000)
  eden space 85504K, 100% used [0x000000076b100000,0x0000000770480000,0x0000000770480000)
  from space 1024K, 100% used [0x0000000773b00000,0x0000000773c00000,0x0000000773c00000)
  to   space 10752K, 0% used [0x0000000772700000,0x0000000772700000,0x0000000773180000)
 ParOldGen       total 130048K, used 43560K [0x00000006c1200000, 0x00000006c9100000, 0x000000076b100000)
  object space 130048K, 33% used [0x00000006c1200000,0x00000006c3c8a190,0x00000006c9100000)
 Metaspace       used 29495K, capacity 30268K, committed 30592K, reserved 1075200K
  class space    used 3722K, capacity 3899K, committed 3968K, reserved 1048576K
Event: 4741.027 GC heap after
Heap after GC invocations=6 (full 1):
 PSYoungGen      total 86016K, used 1696K [0x000000076b100000, 0x0000000773b80000, 0x00000007c0000000)
  eden space 83968K, 0% used [0x000000076b100000,0x000000076b100000,0x0000000770300000)
  from space 2048K, 82% used [0x0000000772700000,0x00000007728a8000,0x0000000772900000)
  to   space 14336K, 0% used [0x0000000772d80000,0x0000000772d80000,0x0000000773b80000)
 ParOldGen       total 130048K, used 43568K [0x00000006c1200000, 0x00000006c9100000, 0x000000076b100000)
  object space 130048K, 33% used [0x00000006c1200000,0x00000006c3c8c190,0x00000006c9100000)
 Metaspace       used 29495K, capacity 30268K, committed 30592K, reserved 1075200K
  class space    used 3722K, capacity 3899K, committed 3968K, reserved 1048576K
}
Event: 9268.665 GC heap before
{Heap before GC invocations=7 (full 1):
 PSYoungGen      total 86016K, used 82600K [0x000000076b100000, 0x0000000773b80000, 0x00000007c0000000)
  eden space 83968K, 96% used [0x000000076b100000,0x0000000770002068,0x0000000770300000)
  from space 2048K, 82% used [0x0000000772700000,0x00000007728a8000,0x0000000772900000)
  to   space 14336K, 0% used [0x0000000772d80000,0x0000000772d80000,0x0000000773b80000)
 ParOldGen       total 130048K, used 43568K [0x00000006c1200000, 0x00000006c9100000, 0x000000076b100000)
  object space 130048K, 33% used [0x00000006c1200000,0x00000006c3c8c190,0x00000006c9100000)
 Metaspace       used 29717K, capacity 30566K, committed 30848K, reserved 1077248K
  class space    used 3731K, capacity 3934K, committed 3968K, reserved 1048576K
Event: 9268.672 GC heap after
Heap after GC invocations=7 (full 1):
 PSYoungGen      total 84992K, used 2483K [0x000000076b100000, 0x0000000773000000, 0x00000007c0000000)
  eden space 82432K, 0% used [0x000000076b100000,0x000000076b100000,0x0000000770180000)
  from space 2560K, 97% used [0x0000000772d80000,0x0000000772fecd90,0x0000000773000000)
  to   space 14848K, 0% used [0x0000000771300000,0x0000000771300000,0x0000000772180000)
 ParOldGen       total 130048K, used 43576K [0x00000006c1200000, 0x00000006c9100000, 0x000000076b100000)
  object space 130048K, 33% used [0x00000006c1200000,0x00000006c3c8e190,0x00000006c9100000)
 Metaspace       used 29717K, capacity 30566K, committed 30848K, reserved 1077248K
  class space    used 3731K, capacity 3934K, committed 3968K, reserved 1048576K
}

